<?xml version="1.0" encoding="UTF-8"?>
<testsuite xmlns:xsi="http://www.w3.org/2001/XMLSchema-instance" xsi:noNamespaceSchemaLocation="https://maven.apache.org/surefire/maven-surefire-plugin/xsd/surefire-test-report.xsd" name="com.spotify.apollo.route.MiddlewaresTest" time="0.278" tests="1" errors="1" skipped="0" failures="0">
  <properties>
    <property name="awt.toolkit" value="sun.awt.X11.XToolkit"/>
    <property name="java.specification.version" value="11"/>
    <property name="nondexStart" value="0"/>
    <property name="sun.cpu.isalist" value=""/>
    <property name="sun.jnu.encoding" value="UTF-8"/>
    <property name="java.class.path" value="/home/future/.m2/repository/org/apache/maven/surefire/surefire-booter/2.22.1/surefire-booter-2.22.1.jar:/home/future/.m2/repository/org/apache/maven/surefire/surefire-api/2.22.1/surefire-api-2.22.1.jar:/home/future/.m2/repository/org/apache/maven/surefire/surefire-logger-api/2.22.1/surefire-logger-api-2.22.1.jar:/home/future/Desktop/apollo/apollo-api-impl/target/test-classes:/home/future/Desktop/apollo/apollo-api-impl/target/classes:/home/future/.m2/repository/com/spotify/apollo-api/1.20.5-SNAPSHOT/apollo-api-1.20.5-SNAPSHOT.jar:/home/future/.m2/repository/com/spotify/apollo-route/1.20.5-SNAPSHOT/apollo-route-1.20.5-SNAPSHOT.jar:/home/future/.m2/repository/io/norberg/rut/1.0/rut-1.0.jar:/home/future/.m2/repository/io/norberg/auto-matter-jackson/0.15.3/auto-matter-jackson-0.15.3.jar:/home/future/.m2/repository/com/fasterxml/jackson/core/jackson-databind/2.12.3/jackson-databind-2.12.3.jar:/home/future/.m2/repository/com/fasterxml/jackson/core/jackson-annotations/2.12.3/jackson-annotations-2.12.3.jar:/home/future/.m2/repository/com/fasterxml/jackson/core/jackson-core/2.12.3/jackson-core-2.12.3.jar:/home/future/.m2/repository/com/google/code/findbugs/jsr305/3.0.2/jsr305-3.0.2.jar:/home/future/.m2/repository/com/squareup/okio/okio/2.9.0/okio-2.9.0.jar:/home/future/.m2/repository/org/jetbrains/kotlin/kotlin-stdlib/1.4.10/kotlin-stdlib-1.4.10.jar:/home/future/.m2/repository/org/jetbrains/annotations/13.0/annotations-13.0.jar:/home/future/.m2/repository/org/jetbrains/kotlin/kotlin-stdlib-common/1.4.10/kotlin-stdlib-common-1.4.10.jar:/home/future/.m2/repository/com/google/guava/guava/30.1.1-jre/guava-30.1.1-jre.jar:/home/future/.m2/repository/com/google/guava/failureaccess/1.0.1/failureaccess-1.0.1.jar:/home/future/.m2/repository/com/google/guava/listenablefuture/9999.0-empty-to-avoid-conflict-with-guava/listenablefuture-9999.0-empty-to-avoid-conflict-with-guava.jar:/home/future/.m2/repository/org/checkerframework/checker-qual/3.8.0/checker-qual-3.8.0.jar:/home/future/.m2/repository/com/google/errorprone/error_prone_annotations/2.5.1/error_prone_annotations-2.5.1.jar:/home/future/.m2/repository/com/google/j2objc/j2objc-annotations/1.3/j2objc-annotations-1.3.jar:/home/future/.m2/repository/org/slf4j/slf4j-api/1.7.30/slf4j-api-1.7.30.jar:/home/future/.m2/repository/com/typesafe/config/1.3.4/config-1.3.4.jar:/home/future/.m2/repository/io/norberg/auto-matter/0.15.3/auto-matter-0.15.3.jar:/home/future/.m2/repository/com/squareup/javapoet/1.11.1/javapoet-1.11.1.jar:/home/future/.m2/repository/org/modeshape/modeshape-common/3.8.1.Final/modeshape-common-3.8.1.Final.jar:/home/future/.m2/repository/io/norberg/auto-matter-annotation/0.15.3/auto-matter-annotation-0.15.3.jar:/home/future/.m2/repository/com/google/auto/value/auto-value/1.7.4/auto-value-1.7.4.jar:/home/future/.m2/repository/com/google/auto/value/auto-value-annotations/1.7.4/auto-value-annotations-1.7.4.jar:/home/future/.m2/repository/junit/junit/4.13.2/junit-4.13.2.jar:/home/future/.m2/repository/org/hamcrest/hamcrest-core/2.2/hamcrest-core-2.2.jar:/home/future/.m2/repository/org/junit/vintage/junit-vintage-engine/5.7.1/junit-vintage-engine-5.7.1.jar:/home/future/.m2/repository/org/apiguardian/apiguardian-api/1.1.0/apiguardian-api-1.1.0.jar:/home/future/.m2/repository/org/junit/platform/junit-platform-engine/1.7.1/junit-platform-engine-1.7.1.jar:/home/future/.m2/repository/org/opentest4j/opentest4j/1.2.0/opentest4j-1.2.0.jar:/home/future/.m2/repository/org/junit/platform/junit-platform-commons/1.7.1/junit-platform-commons-1.7.1.jar:/home/future/.m2/repository/org/mockito/mockito-core/2.23.4/mockito-core-2.23.4.jar:/home/future/.m2/repository/net/bytebuddy/byte-buddy/1.9.3/byte-buddy-1.9.3.jar:/home/future/.m2/repository/net/bytebuddy/byte-buddy-agent/1.9.3/byte-buddy-agent-1.9.3.jar:/home/future/.m2/repository/org/objenesis/objenesis/2.6/objenesis-2.6.jar:/home/future/.m2/repository/org/hamcrest/hamcrest/2.2/hamcrest-2.2.jar:/home/future/.m2/repository/uk/org/lidalia/slf4j-test/1.1.0/slf4j-test-1.1.0.jar:/home/future/.m2/repository/uk/org/lidalia/lidalia-lang/1.0.0/lidalia-lang-1.0.0.jar:/home/future/.m2/repository/org/apache/commons/commons-lang3/3.1/commons-lang3-3.1.jar:/home/future/.m2/repository/joda-time/joda-time/2.2/joda-time-2.2.jar:/home/future/.m2/repository/uk/org/lidalia/lidalia-slf4j-ext/1.0.0/lidalia-slf4j-ext-1.0.0.jar:/home/future/.m2/repository/org/openjdk/jmh/jmh-core/1.21/jmh-core-1.21.jar:/home/future/.m2/repository/net/sf/jopt-simple/jopt-simple/5.0.2/jopt-simple-5.0.2.jar:/home/future/.m2/repository/org/apache/commons/commons-math3/3.2/commons-math3-3.2.jar:/home/future/.m2/repository/ch/qos/logback/logback-classic/1.2.3/logback-classic-1.2.3.jar:/home/future/.m2/repository/ch/qos/logback/logback-core/1.2.3/logback-core-1.2.3.jar:/home/future/.m2/repository/org/apache/maven/surefire/surefire-junit-platform/2.22.1/surefire-junit-platform-2.22.1.jar:/home/future/.m2/repository/org/junit/platform/junit-platform-launcher/1.3.1/junit-platform-launcher-1.3.1.jar"/>
    <property name="java.vm.vendor" value="Ubuntu"/>
    <property name="nondexPrintstack" value="false"/>
    <property name="sun.arch.data.model" value="64"/>
    <property name="java.vendor.url" value="https://ubuntu.com/"/>
    <property name="user.timezone" value=""/>
    <property name="java.vm.specification.version" value="11"/>
    <property name="os.name" value="Linux"/>
    <property name="sun.java.launcher" value="SUN_STANDARD"/>
    <property name="sun.boot.library.path" value="/usr/lib/jvm/java-11-openjdk-amd64/lib"/>
    <property name="nondexLogging" value="CONFIG"/>
    <property name="sun.java.command" value="org.apache.maven.surefire.booter.ForkedBooter /home/future/Desktop/apollo/apollo-api-impl/target/surefire 2023-10-09T18-20-15_042-jvmRun1 surefire12609934693562455866tmp surefire_216788779186537451951tmp"/>
    <property name="jdk.debug" value="release"/>
    <property name="surefire.test.class.path" value="/home/future/Desktop/apollo/apollo-api-impl/target/test-classes:/home/future/Desktop/apollo/apollo-api-impl/target/classes:/home/future/.m2/repository/com/spotify/apollo-api/1.20.5-SNAPSHOT/apollo-api-1.20.5-SNAPSHOT.jar:/home/future/.m2/repository/com/spotify/apollo-route/1.20.5-SNAPSHOT/apollo-route-1.20.5-SNAPSHOT.jar:/home/future/.m2/repository/io/norberg/rut/1.0/rut-1.0.jar:/home/future/.m2/repository/io/norberg/auto-matter-jackson/0.15.3/auto-matter-jackson-0.15.3.jar:/home/future/.m2/repository/com/fasterxml/jackson/core/jackson-databind/2.12.3/jackson-databind-2.12.3.jar:/home/future/.m2/repository/com/fasterxml/jackson/core/jackson-annotations/2.12.3/jackson-annotations-2.12.3.jar:/home/future/.m2/repository/com/fasterxml/jackson/core/jackson-core/2.12.3/jackson-core-2.12.3.jar:/home/future/.m2/repository/com/google/code/findbugs/jsr305/3.0.2/jsr305-3.0.2.jar:/home/future/.m2/repository/com/squareup/okio/okio/2.9.0/okio-2.9.0.jar:/home/future/.m2/repository/org/jetbrains/kotlin/kotlin-stdlib/1.4.10/kotlin-stdlib-1.4.10.jar:/home/future/.m2/repository/org/jetbrains/annotations/13.0/annotations-13.0.jar:/home/future/.m2/repository/org/jetbrains/kotlin/kotlin-stdlib-common/1.4.10/kotlin-stdlib-common-1.4.10.jar:/home/future/.m2/repository/com/google/guava/guava/30.1.1-jre/guava-30.1.1-jre.jar:/home/future/.m2/repository/com/google/guava/failureaccess/1.0.1/failureaccess-1.0.1.jar:/home/future/.m2/repository/com/google/guava/listenablefuture/9999.0-empty-to-avoid-conflict-with-guava/listenablefuture-9999.0-empty-to-avoid-conflict-with-guava.jar:/home/future/.m2/repository/org/checkerframework/checker-qual/3.8.0/checker-qual-3.8.0.jar:/home/future/.m2/repository/com/google/errorprone/error_prone_annotations/2.5.1/error_prone_annotations-2.5.1.jar:/home/future/.m2/repository/com/google/j2objc/j2objc-annotations/1.3/j2objc-annotations-1.3.jar:/home/future/.m2/repository/org/slf4j/slf4j-api/1.7.30/slf4j-api-1.7.30.jar:/home/future/.m2/repository/com/typesafe/config/1.3.4/config-1.3.4.jar:/home/future/.m2/repository/io/norberg/auto-matter/0.15.3/auto-matter-0.15.3.jar:/home/future/.m2/repository/com/squareup/javapoet/1.11.1/javapoet-1.11.1.jar:/home/future/.m2/repository/org/modeshape/modeshape-common/3.8.1.Final/modeshape-common-3.8.1.Final.jar:/home/future/.m2/repository/io/norberg/auto-matter-annotation/0.15.3/auto-matter-annotation-0.15.3.jar:/home/future/.m2/repository/com/google/auto/value/auto-value/1.7.4/auto-value-1.7.4.jar:/home/future/.m2/repository/com/google/auto/value/auto-value-annotations/1.7.4/auto-value-annotations-1.7.4.jar:/home/future/.m2/repository/junit/junit/4.13.2/junit-4.13.2.jar:/home/future/.m2/repository/org/hamcrest/hamcrest-core/2.2/hamcrest-core-2.2.jar:/home/future/.m2/repository/org/junit/vintage/junit-vintage-engine/5.7.1/junit-vintage-engine-5.7.1.jar:/home/future/.m2/repository/org/apiguardian/apiguardian-api/1.1.0/apiguardian-api-1.1.0.jar:/home/future/.m2/repository/org/junit/platform/junit-platform-engine/1.7.1/junit-platform-engine-1.7.1.jar:/home/future/.m2/repository/org/opentest4j/opentest4j/1.2.0/opentest4j-1.2.0.jar:/home/future/.m2/repository/org/junit/platform/junit-platform-commons/1.7.1/junit-platform-commons-1.7.1.jar:/home/future/.m2/repository/org/mockito/mockito-core/2.23.4/mockito-core-2.23.4.jar:/home/future/.m2/repository/net/bytebuddy/byte-buddy/1.9.3/byte-buddy-1.9.3.jar:/home/future/.m2/repository/net/bytebuddy/byte-buddy-agent/1.9.3/byte-buddy-agent-1.9.3.jar:/home/future/.m2/repository/org/objenesis/objenesis/2.6/objenesis-2.6.jar:/home/future/.m2/repository/org/hamcrest/hamcrest/2.2/hamcrest-2.2.jar:/home/future/.m2/repository/uk/org/lidalia/slf4j-test/1.1.0/slf4j-test-1.1.0.jar:/home/future/.m2/repository/uk/org/lidalia/lidalia-lang/1.0.0/lidalia-lang-1.0.0.jar:/home/future/.m2/repository/org/apache/commons/commons-lang3/3.1/commons-lang3-3.1.jar:/home/future/.m2/repository/joda-time/joda-time/2.2/joda-time-2.2.jar:/home/future/.m2/repository/uk/org/lidalia/lidalia-slf4j-ext/1.0.0/lidalia-slf4j-ext-1.0.0.jar:/home/future/.m2/repository/org/openjdk/jmh/jmh-core/1.21/jmh-core-1.21.jar:/home/future/.m2/repository/net/sf/jopt-simple/jopt-simple/5.0.2/jopt-simple-5.0.2.jar:/home/future/.m2/repository/org/apache/commons/commons-math3/3.2/commons-math3-3.2.jar:/home/future/.m2/repository/ch/qos/logback/logback-classic/1.2.3/logback-classic-1.2.3.jar:/home/future/.m2/repository/ch/qos/logback/logback-core/1.2.3/logback-core-1.2.3.jar:"/>
    <property name="test" value="com.spotify.apollo.route.MiddlewaresTest#asShouldSerializeObjectAsJson"/>
    <property name="nondexExecid" value="bpKcBpSdpGrP348Hkid8rieeoOkeDx+mkbCk7dmgO0="/>
    <property name="sun.cpu.endian" value="little"/>
    <property name="user.home" value="/home/future"/>
    <property name="user.language" value="en"/>
    <property name="java.specification.vendor" value="Oracle Corporation"/>
    <property name="java.version.date" value="2023-08-24"/>
    <property name="java.home" value="/usr/lib/jvm/java-11-openjdk-amd64"/>
    <property name="file.separator" value="/"/>
    <property name="basedir" value="/home/future/Desktop/apollo/apollo-api-impl"/>
    <property name="java.vm.compressedOopsMode" value="Zero based"/>
    <property name="line.separator" value="&#10;"/>
    <property name="nondexEnd" value="9223372036854775807"/>
    <property name="java.specification.name" value="Java Platform API Specification"/>
    <property name="java.vm.specification.vendor" value="Oracle Corporation"/>
    <property name="java.awt.graphicsenv" value="sun.awt.X11GraphicsEnvironment"/>
    <property name="nondexFilter" value=".*"/>
    <property name="nondexSeed" value="974622"/>
    <property name="sun.management.compiler" value="HotSpot 64-Bit Tiered Compilers"/>
    <property name="java.runtime.version" value="11.0.20.1+1-post-Ubuntu-0ubuntu120.04"/>
    <property name="user.name" value="future"/>
    <property name="path.separator" value=":"/>
    <property name="os.version" value="5.15.90.1-microsoft-standard-WSL2"/>
    <property name="java.runtime.name" value="OpenJDK Runtime Environment"/>
    <property name="file.encoding" value="UTF-8"/>
    <property name="java.vm.name" value="OpenJDK 64-Bit Server VM"/>
    <property name="localRepository" value="/home/future/.m2/repository"/>
    <property name="nondexDir" value="/home/future/Desktop/apollo/apollo-api-impl/.nondex"/>
    <property name="java.vendor.url.bug" value="https://bugs.launchpad.net/ubuntu/+source/openjdk-lts"/>
    <property name="nondexJarDir" value="/home/future/Desktop/apollo/apollo-api-impl/.nondex"/>
    <property name="java.io.tmpdir" value="/tmp"/>
    <property name="java.version" value="11.0.20.1"/>
    <property name="user.dir" value="/home/future/Desktop/apollo/apollo-api-impl"/>
    <property name="os.arch" value="amd64"/>
    <property name="nondexMode" value="FULL"/>
    <property name="java.vm.specification.name" value="Java Virtual Machine Specification"/>
    <property name="java.awt.printerjob" value="sun.print.PSPrinterJob"/>
    <property name="sun.os.patch.level" value="unknown"/>
    <property name="java.library.path" value="/usr/java/packages/lib:/usr/lib/x86_64-linux-gnu/jni:/lib/x86_64-linux-gnu:/usr/lib/x86_64-linux-gnu:/usr/lib/jni:/lib:/usr/lib"/>
    <property name="java.vm.info" value="mixed mode"/>
    <property name="java.vendor" value="Ubuntu"/>
    <property name="java.vm.version" value="11.0.20.1+1-post-Ubuntu-0ubuntu120.04"/>
    <property name="java.specification.maintenance.version" value="2"/>
    <property name="sun.io.unicode.encoding" value="UnicodeLittle"/>
    <property name="java.class.version" value="55.0"/>
  </properties>
  <testcase name="asShouldSerializeObjectAsJson" classname="com.spotify.apollo.route.MiddlewaresTest" time="0.275">
    <error message="For input string: &quot;&quot;hi&quot;&quot;" type="java.lang.NumberFormatException">java.lang.NumberFormatException: For input string: ""hi""
	at com.spotify.apollo.route.MiddlewaresTest.asShouldSerializeObjectAsJson(MiddlewaresTest.java:152)
</error>
  </testcase>
</testsuite>